<?xml version="1.0" encoding="UTF-8"?>
<!-- Generated by org.testng.reporters.JUnitReportReporter -->
<testsuite hostname="INDMUMBLPTMP068" failures="0" tests="1" name="demoPakg.MiscellaneousAppiumActions" time="8.762" errors="0" timestamp="2023-07-19T10:23:41 IST" skipped="0">
  <testcase classname="demoPakg.MiscellaneousAppiumActions" name="Miscellenaous" time="8.762"/>
</testsuite> <!-- demoPakg.MiscellaneousAppiumActions -->
