<?xml version="1.0" encoding="UTF-8"?>
<!-- Generated by org.testng.reporters.JUnitReportReporter -->
<testsuite hostname="INDMUMBLPTMP068" failures="0" tests="1" name="demoPakg.StockMarketBasics" time="40.180" errors="0" timestamp="2023-07-25T13:57:53 IST" skipped="0">
  <testcase classname="demoPakg.StockMarketBasics" name="StartApp" time="40.180"/>
</testsuite> <!-- demoPakg.StockMarketBasics -->
