<?xml version="1.0" encoding="UTF-8"?>
<!-- Generated by org.testng.reporters.JUnitReportReporter -->
<testsuite hostname="INDMUMBLPTMP068" failures="0" tests="1" name="demoPakg.Ecommerce_tc_2" time="19.911" errors="0" timestamp="2023-07-03T14:43:20 IST" skipped="0">
  <testcase classname="demoPakg.Ecommerce_tc_2" name="FillForm" time="19.911"/>
</testsuite> <!-- demoPakg.Ecommerce_tc_2 -->
