<?xml version="1.0" encoding="UTF-8"?>
<!-- Generated by org.testng.reporters.JUnitReportReporter -->
<testsuite hostname="INDMUMBLPTMP068" failures="0" tests="1" name="demoPakg.Ecommerce_tc_3" time="22.261" errors="0" timestamp="2023-07-03T16:42:01 IST" skipped="0">
  <testcase classname="demoPakg.Ecommerce_tc_3" name="FillForm" time="22.261"/>
</testsuite> <!-- demoPakg.Ecommerce_tc_3 -->
